c:\users\user\desktop\evcidnet-master\azurekinectdk\x64\debug\vc143.pdb
c:\users\user\desktop\evcidnet-master\azurekinectdk\x64\debug\vc143.idb
c:\users\user\desktop\evcidnet-master\azurekinectdk\x64\debug\record2image.obj
c:\users\user\desktop\evcidnet-master\azurekinectdk\x64\debug\sensor2image.obj
c:\users\user\desktop\evcidnet-master\azurekinectdk\x64\debug\main.obj
c:\users\user\desktop\evcidnet-master\x64\debug\depthengine_2_0.dll
c:\users\user\desktop\evcidnet-master\x64\debug\k4a.dll
c:\users\user\desktop\evcidnet-master\x64\debug\k4arecord.dll
c:\users\user\desktop\evcidnet-master\x64\debug\k4a.pdb
c:\users\user\desktop\evcidnet-master\x64\debug\k4arecord.pdb
c:\users\user\desktop\evcidnet-master\azurekinectdk\x64\debug\azurekinectdk.ilk
c:\users\user\desktop\evcidnet-master\x64\debug\azurekinectdk.exe
c:\users\user\desktop\evcidnet-master\x64\debug\azurekinectdk.pdb
c:\users\user\desktop\evcidnet-master\azurekinectdk\x64\debug\azurekinectdk.tlog\cl.command.1.tlog
c:\users\user\desktop\evcidnet-master\azurekinectdk\x64\debug\azurekinectdk.tlog\cl.read.1.tlog
c:\users\user\desktop\evcidnet-master\azurekinectdk\x64\debug\azurekinectdk.tlog\cl.write.1.tlog
c:\users\user\desktop\evcidnet-master\azurekinectdk\x64\debug\azurekinectdk.tlog\copylocal.read.1u.tlog
c:\users\user\desktop\evcidnet-master\azurekinectdk\x64\debug\azurekinectdk.tlog\copylocal.write.1u.tlog
c:\users\user\desktop\evcidnet-master\azurekinectdk\x64\debug\azurekinectdk.tlog\link.command.1.tlog
c:\users\user\desktop\evcidnet-master\azurekinectdk\x64\debug\azurekinectdk.tlog\link.read.1.tlog
c:\users\user\desktop\evcidnet-master\azurekinectdk\x64\debug\azurekinectdk.tlog\link.write.1.tlog
