c:\users\user\desktop\evcidnet-master\azurekinectdk\x64\release\vc143.pdb
c:\users\user\desktop\evcidnet-master\azurekinectdk\x64\release\record2image.obj
c:\users\user\desktop\evcidnet-master\azurekinectdk\x64\release\sensor2image.obj
c:\users\user\desktop\evcidnet-master\azurekinectdk\x64\release\main.obj
c:\users\user\desktop\evcidnet-master\x64\release\depthengine_2_0.dll
c:\users\user\desktop\evcidnet-master\x64\release\k4a.dll
c:\users\user\desktop\evcidnet-master\x64\release\k4arecord.dll
c:\users\user\desktop\evcidnet-master\x64\release\k4a.pdb
c:\users\user\desktop\evcidnet-master\x64\release\k4arecord.pdb
c:\users\user\desktop\evcidnet-master\x64\release\azurekinectdk.exe
c:\users\user\desktop\evcidnet-master\azurekinectdk\x64\release\azurekinectdk.ipdb
c:\users\user\desktop\evcidnet-master\x64\release\azurekinectdk.pdb
c:\users\user\desktop\evcidnet-master\azurekinectdk\x64\release\azurekinectdk.iobj
c:\users\user\desktop\evcidnet-master\azurekinectdk\x64\release\azurekinectdk.tlog\cl.command.1.tlog
c:\users\user\desktop\evcidnet-master\azurekinectdk\x64\release\azurekinectdk.tlog\cl.read.1.tlog
c:\users\user\desktop\evcidnet-master\azurekinectdk\x64\release\azurekinectdk.tlog\cl.write.1.tlog
c:\users\user\desktop\evcidnet-master\azurekinectdk\x64\release\azurekinectdk.tlog\copylocal.read.1u.tlog
c:\users\user\desktop\evcidnet-master\azurekinectdk\x64\release\azurekinectdk.tlog\copylocal.write.1u.tlog
c:\users\user\desktop\evcidnet-master\azurekinectdk\x64\release\azurekinectdk.tlog\link.command.1.tlog
c:\users\user\desktop\evcidnet-master\azurekinectdk\x64\release\azurekinectdk.tlog\link.read.1.tlog
c:\users\user\desktop\evcidnet-master\azurekinectdk\x64\release\azurekinectdk.tlog\link.write.1.tlog
